\BOOKMARK [1][-]{section.1}{GPUs: NVIDIA GTX480}{}% 1
\BOOKMARK [1][-]{section.2}{CImg}{}% 2
\BOOKMARK [1][-]{section.3}{The processing flow}{}% 3
\BOOKMARK [1][-]{section.4}{CUDA grid configuration}{}% 4
\BOOKMARK [1][-]{section.5}{Coalesced memory access}{}% 5
\BOOKMARK [1][-]{section.6}{Algorithm 1: Grayscale Conversion and Darkening}{}% 6
\BOOKMARK [2][-]{subsection.6.1}{Parallelization}{section.6}% 7
\BOOKMARK [2][-]{subsection.6.2}{One pixel per thread}{section.6}% 8
\BOOKMARK [2][-]{subsection.6.3}{Optimization - More pixels per thread}{section.6}% 9
\BOOKMARK [1][-]{section.7}{Algorithm 2: Histogram Computation}{}% 10
\BOOKMARK [2][-]{subsection.7.1}{Parallelization}{section.7}% 11
\BOOKMARK [2][-]{subsection.7.2}{One pixel per thread}{section.7}% 12
\BOOKMARK [2][-]{subsection.7.3}{Optimization - More pixels per thread}{section.7}% 13
\BOOKMARK [1][-]{section.8}{Algorithm 3: Smoothing}{}% 14
\BOOKMARK [2][-]{subsection.8.1}{Parallelization}{section.8}% 15
\BOOKMARK [2][-]{subsection.8.2}{One pixel per thread}{section.8}% 16
\BOOKMARK [2][-]{subsection.8.3}{Optimization - More pixels per thread}{section.8}% 17
\BOOKMARK [1][-]{section.9}{Algorithms analysis with the Visual Profiler}{}% 18
\BOOKMARK [2][-]{subsection.9.1}{Darker}{section.9}% 19
\BOOKMARK [2][-]{subsection.9.2}{Histogram}{section.9}% 20
\BOOKMARK [2][-]{subsection.9.3}{Smooth}{section.9}% 21
