This is pdfTeX, Version 3.1415926-2.5-1.40.14 (TeX Live 2013/Debian) (format=pdflatex 2015.2.3)  13 NOV 2015 19:37
entering extended mode
 restricted \write18 enabled.
 %&-line parsing enabled.
**Nbody.tex
(./Nbody.tex
LaTeX2e <2011/06/27>
Babel <3.9h> and hyphenation patterns for 78 languages loaded.
(/usr/share/texlive/texmf-dist/tex/latex/base/article.cls
Document Class: article 2007/10/19 v1.4h Standard LaTeX document class
(/usr/share/texlive/texmf-dist/tex/latex/base/size10.clo
File: size10.clo 2007/10/19 v1.4h Standard LaTeX file (size option)
)
\c@part=\count79
\c@section=\count80
\c@subsection=\count81
\c@subsubsection=\count82
\c@paragraph=\count83
\c@subparagraph=\count84
\c@figure=\count85
\c@table=\count86
\abovecaptionskip=\skip41
\belowcaptionskip=\skip42
\bibindent=\dimen102
)
(/usr/share/texlive/texmf-dist/tex/latex/base/fontenc.sty
Package: fontenc 2005/09/27 v1.99g Standard LaTeX package

(/usr/share/texlive/texmf-dist/tex/latex/base/t1enc.def
File: t1enc.def 2005/09/27 v1.99g Standard LaTeX file
LaTeX Font Info:    Redeclaring font encoding T1 on input line 43.
))
(/usr/share/texlive/texmf-dist/tex/latex/base/inputenc.sty
Package: inputenc 2008/03/30 v1.1d Input encoding file
\inpenc@prehook=\toks14
\inpenc@posthook=\toks15

(/usr/share/texlive/texmf-dist/tex/latex/base/utf8.def
File: utf8.def 2008/04/05 v1.1m UTF-8 support for inputenc
Now handling font encoding OML ...
... no UTF-8 mapping file for font encoding OML
Now handling font encoding T1 ...
... processing UTF-8 mapping file for font encoding T1

(/usr/share/texlive/texmf-dist/tex/latex/base/t1enc.dfu
File: t1enc.dfu 2008/04/05 v1.1m UTF-8 support for inputenc
   defining Unicode char U+00A1 (decimal 161)
   defining Unicode char U+00A3 (decimal 163)
   defining Unicode char U+00AB (decimal 171)
   defining Unicode char U+00BB (decimal 187)
   defining Unicode char U+00BF (decimal 191)
   defining Unicode char U+00C0 (decimal 192)
   defining Unicode char U+00C1 (decimal 193)
   defining Unicode char U+00C2 (decimal 194)
   defining Unicode char U+00C3 (decimal 195)
   defining Unicode char U+00C4 (decimal 196)
   defining Unicode char U+00C5 (decimal 197)
   defining Unicode char U+00C6 (decimal 198)
   defining Unicode char U+00C7 (decimal 199)
   defining Unicode char U+00C8 (decimal 200)
   defining Unicode char U+00C9 (decimal 201)
   defining Unicode char U+00CA (decimal 202)
   defining Unicode char U+00CB (decimal 203)
   defining Unicode char U+00CC (decimal 204)
   defining Unicode char U+00CD (decimal 205)
   defining Unicode char U+00CE (decimal 206)
   defining Unicode char U+00CF (decimal 207)
   defining Unicode char U+00D0 (decimal 208)
   defining Unicode char U+00D1 (decimal 209)
   defining Unicode char U+00D2 (decimal 210)
   defining Unicode char U+00D3 (decimal 211)
   defining Unicode char U+00D4 (decimal 212)
   defining Unicode char U+00D5 (decimal 213)
   defining Unicode char U+00D6 (decimal 214)
   defining Unicode char U+00D8 (decimal 216)
   defining Unicode char U+00D9 (decimal 217)
   defining Unicode char U+00DA (decimal 218)
   defining Unicode char U+00DB (decimal 219)
   defining Unicode char U+00DC (decimal 220)
   defining Unicode char U+00DD (decimal 221)
   defining Unicode char U+00DE (decimal 222)
   defining Unicode char U+00DF (decimal 223)
   defining Unicode char U+00E0 (decimal 224)
   defining Unicode char U+00E1 (decimal 225)
   defining Unicode char U+00E2 (decimal 226)
   defining Unicode char U+00E3 (decimal 227)
   defining Unicode char U+00E4 (decimal 228)
   defining Unicode char U+00E5 (decimal 229)
   defining Unicode char U+00E6 (decimal 230)
   defining Unicode char U+00E7 (decimal 231)
   defining Unicode char U+00E8 (decimal 232)
   defining Unicode char U+00E9 (decimal 233)
   defining Unicode char U+00EA (decimal 234)
   defining Unicode char U+00EB (decimal 235)
   defining Unicode char U+00EC (decimal 236)
   defining Unicode char U+00ED (decimal 237)
   defining Unicode char U+00EE (decimal 238)
   defining Unicode char U+00EF (decimal 239)
   defining Unicode char U+00F0 (decimal 240)
   defining Unicode char U+00F1 (decimal 241)
   defining Unicode char U+00F2 (decimal 242)
   defining Unicode char U+00F3 (decimal 243)
   defining Unicode char U+00F4 (decimal 244)
   defining Unicode char U+00F5 (decimal 245)
   defining Unicode char U+00F6 (decimal 246)
   defining Unicode char U+00F8 (decimal 248)
   defining Unicode char U+00F9 (decimal 249)
   defining Unicode char U+00FA (decimal 250)
   defining Unicode char U+00FB (decimal 251)
   defining Unicode char U+00FC (decimal 252)
   defining Unicode char U+00FD (decimal 253)
   defining Unicode char U+00FE (decimal 254)
   defining Unicode char U+00FF (decimal 255)
   defining Unicode char U+0102 (decimal 258)
   defining Unicode char U+0103 (decimal 259)
   defining Unicode char U+0104 (decimal 260)
   defining Unicode char U+0105 (decimal 261)
   defining Unicode char U+0106 (decimal 262)
   defining Unicode char U+0107 (decimal 263)
   defining Unicode char U+010C (decimal 268)
   defining Unicode char U+010D (decimal 269)
   defining Unicode char U+010E (decimal 270)
   defining Unicode char U+010F (decimal 271)
   defining Unicode char U+0110 (decimal 272)
   defining Unicode char U+0111 (decimal 273)
   defining Unicode char U+0118 (decimal 280)
   defining Unicode char U+0119 (decimal 281)
   defining Unicode char U+011A (decimal 282)
   defining Unicode char U+011B (decimal 283)
   defining Unicode char U+011E (decimal 286)
   defining Unicode char U+011F (decimal 287)
   defining Unicode char U+0130 (decimal 304)
   defining Unicode char U+0131 (decimal 305)
   defining Unicode char U+0132 (decimal 306)
   defining Unicode char U+0133 (decimal 307)
   defining Unicode char U+0139 (decimal 313)
   defining Unicode char U+013A (decimal 314)
   defining Unicode char U+013D (decimal 317)
   defining Unicode char U+013E (decimal 318)
   defining Unicode char U+0141 (decimal 321)
   defining Unicode char U+0142 (decimal 322)
   defining Unicode char U+0143 (decimal 323)
   defining Unicode char U+0144 (decimal 324)
   defining Unicode char U+0147 (decimal 327)
   defining Unicode char U+0148 (decimal 328)
   defining Unicode char U+014A (decimal 330)
   defining Unicode char U+014B (decimal 331)
   defining Unicode char U+0150 (decimal 336)
   defining Unicode char U+0151 (decimal 337)
   defining Unicode char U+0152 (decimal 338)
   defining Unicode char U+0153 (decimal 339)
   defining Unicode char U+0154 (decimal 340)
   defining Unicode char U+0155 (decimal 341)
   defining Unicode char U+0158 (decimal 344)
   defining Unicode char U+0159 (decimal 345)
   defining Unicode char U+015A (decimal 346)
   defining Unicode char U+015B (decimal 347)
   defining Unicode char U+015E (decimal 350)
   defining Unicode char U+015F (decimal 351)
   defining Unicode char U+0160 (decimal 352)
   defining Unicode char U+0161 (decimal 353)
   defining Unicode char U+0162 (decimal 354)
   defining Unicode char U+0163 (decimal 355)
   defining Unicode char U+0164 (decimal 356)
   defining Unicode char U+0165 (decimal 357)
   defining Unicode char U+016E (decimal 366)
   defining Unicode char U+016F (decimal 367)
   defining Unicode char U+0170 (decimal 368)
   defining Unicode char U+0171 (decimal 369)
   defining Unicode char U+0178 (decimal 376)
   defining Unicode char U+0179 (decimal 377)
   defining Unicode char U+017A (decimal 378)
   defining Unicode char U+017B (decimal 379)
   defining Unicode char U+017C (decimal 380)
   defining Unicode char U+017D (decimal 381)
   defining Unicode char U+017E (decimal 382)
   defining Unicode char U+200C (decimal 8204)
   defining Unicode char U+2013 (decimal 8211)
   defining Unicode char U+2014 (decimal 8212)
   defining Unicode char U+2018 (decimal 8216)
   defining Unicode char U+2019 (decimal 8217)
   defining Unicode char U+201A (decimal 8218)
   defining Unicode char U+201C (decimal 8220)
   defining Unicode char U+201D (decimal 8221)
   defining Unicode char U+201E (decimal 8222)
   defining Unicode char U+2030 (decimal 8240)
   defining Unicode char U+2031 (decimal 8241)
   defining Unicode char U+2039 (decimal 8249)
   defining Unicode char U+203A (decimal 8250)
   defining Unicode char U+2423 (decimal 9251)
)
Now handling font encoding OT1 ...
... processing UTF-8 mapping file for font encoding OT1

(/usr/share/texlive/texmf-dist/tex/latex/base/ot1enc.dfu
File: ot1enc.dfu 2008/04/05 v1.1m UTF-8 support for inputenc
   defining Unicode char U+00A1 (decimal 161)
   defining Unicode char U+00A3 (decimal 163)
   defining Unicode char U+00B8 (decimal 184)
   defining Unicode char U+00BF (decimal 191)
   defining Unicode char U+00C5 (decimal 197)
   defining Unicode char U+00C6 (decimal 198)
   defining Unicode char U+00D8 (decimal 216)
   defining Unicode char U+00DF (decimal 223)
   defining Unicode char U+00E6 (decimal 230)
   defining Unicode char U+00EC (decimal 236)
   defining Unicode char U+00ED (decimal 237)
   defining Unicode char U+00EE (decimal 238)
   defining Unicode char U+00EF (decimal 239)
   defining Unicode char U+00F8 (decimal 248)
   defining Unicode char U+0131 (decimal 305)
   defining Unicode char U+0141 (decimal 321)
   defining Unicode char U+0142 (decimal 322)
   defining Unicode char U+0152 (decimal 338)
   defining Unicode char U+0153 (decimal 339)
   defining Unicode char U+2013 (decimal 8211)
   defining Unicode char U+2014 (decimal 8212)
   defining Unicode char U+2018 (decimal 8216)
   defining Unicode char U+2019 (decimal 8217)
   defining Unicode char U+201C (decimal 8220)
   defining Unicode char U+201D (decimal 8221)
)
Now handling font encoding OMS ...
... processing UTF-8 mapping file for font encoding OMS

(/usr/share/texlive/texmf-dist/tex/latex/base/omsenc.dfu
File: omsenc.dfu 2008/04/05 v1.1m UTF-8 support for inputenc
   defining Unicode char U+00A7 (decimal 167)
   defining Unicode char U+00B6 (decimal 182)
   defining Unicode char U+00B7 (decimal 183)
   defining Unicode char U+2020 (decimal 8224)
   defining Unicode char U+2021 (decimal 8225)
   defining Unicode char U+2022 (decimal 8226)
)
Now handling font encoding OMX ...
... no UTF-8 mapping file for font encoding OMX
Now handling font encoding U ...
... no UTF-8 mapping file for font encoding U
   defining Unicode char U+00A9 (decimal 169)
   defining Unicode char U+00AA (decimal 170)
   defining Unicode char U+00AE (decimal 174)
   defining Unicode char U+00BA (decimal 186)
   defining Unicode char U+02C6 (decimal 710)
   defining Unicode char U+02DC (decimal 732)
   defining Unicode char U+200C (decimal 8204)
   defining Unicode char U+2026 (decimal 8230)
   defining Unicode char U+2122 (decimal 8482)
   defining Unicode char U+2423 (decimal 9251)
))
(/usr/share/texlive/texmf-dist/tex/generic/babel/babel.sty
Package: babel 2013/12/03 3.9h The Babel package

(/usr/share/texlive/texmf-dist/tex/generic/babel-english/english.ldf
Language: english 2012/08/20 v3.3p English support from the babel system

(/usr/share/texlive/texmf-dist/tex/generic/babel/babel.def
File: babel.def 2013/12/03 3.9h Babel common definitions
\babel@savecnt=\count87
\U@D=\dimen103
)
\l@canadian = a dialect from \language\l@american 
\l@australian = a dialect from \language\l@british 
\l@newzealand = a dialect from \language\l@british 
))
(/usr/share/texlive/texmf-dist/tex/latex/csquotes/csquotes.sty
Package: csquotes 2011/10/22 v5.1d context-sensitive quotations

(/usr/share/texlive/texmf-dist/tex/latex/etoolbox/etoolbox.sty
Package: etoolbox 2011/01/03 v2.1 e-TeX tools for LaTeX

(/usr/share/texlive/texmf-dist/tex/latex/etex-pkg/etex.sty
Package: etex 1998/03/26 v2.0 eTeX basic definition package (PEB)
\et@xins=\count88
)
\etb@tempcnta=\count89
)
(/usr/share/texlive/texmf-dist/tex/latex/graphics/keyval.sty
Package: keyval 1999/03/16 v1.13 key=value parser (DPC)
\KV@toks@=\toks16
)
\csq@reset=\count90
\csq@gtype=\count91
\csq@glevel=\count92
\csq@qlevel=\count93
\csq@maxlvl=\count94
\csq@tshold=\count95
\csq@ltx@everypar=\toks17

(/usr/share/texlive/texmf-dist/tex/latex/csquotes/csquotes.def
File: csquotes.def 2011/10/22 v5.1d csquotes generic definitions
)
Package csquotes Info: Trying to load configuration file 'csquotes.cfg'...
Package csquotes Info: ... configuration file loaded successfully.

(/usr/share/texlive/texmf-dist/tex/latex/csquotes/csquotes.cfg
File: csquotes.cfg 
))
(/usr/share/texlive/texmf-dist/tex/latex/listings/listings.sty
\lst@mode=\count96
\lst@gtempboxa=\box26
\lst@token=\toks18
\lst@length=\count97
\lst@currlwidth=\dimen104
\lst@column=\count98
\lst@pos=\count99
\lst@lostspace=\dimen105
\lst@width=\dimen106
\lst@newlines=\count100
\lst@lineno=\count101
\lst@maxwidth=\dimen107

(/usr/share/texlive/texmf-dist/tex/latex/listings/lstmisc.sty
File: lstmisc.sty 2013/08/26 1.5b (Carsten Heinz)
\c@lstnumber=\count102
\lst@skipnumbers=\count103
\lst@framebox=\box27
)
(/usr/share/texlive/texmf-dist/tex/latex/listings/listings.cfg
File: listings.cfg 2013/08/26 1.5b listings configuration
))
Package: listings 2013/08/26 1.5b (Carsten Heinz)

(/usr/share/texlive/texmf-dist/tex/latex/tools/multicol.sty
Package: multicol 2011/06/27 v1.7a multicolumn formatting (FMi)
\c@tracingmulticols=\count104
\mult@box=\box28
\multicol@leftmargin=\dimen108
\c@unbalance=\count105
\c@collectmore=\count106
\doublecol@number=\count107
\multicoltolerance=\count108
\multicolpretolerance=\count109
\full@width=\dimen109
\page@free=\dimen110
\premulticols=\dimen111
\postmulticols=\dimen112
\multicolsep=\skip43
\multicolbaselineskip=\skip44
\partial@page=\box29
\last@line=\box30
\mult@rightbox=\box31
\mult@grightbox=\box32
\mult@gfirstbox=\box33
\mult@firstbox=\box34
\@tempa=\box35
\@tempa=\box36
\@tempa=\box37
\@tempa=\box38
\@tempa=\box39
\@tempa=\box40
\@tempa=\box41
\@tempa=\box42
\@tempa=\box43
\@tempa=\box44
\@tempa=\box45
\@tempa=\box46
\@tempa=\box47
\@tempa=\box48
\@tempa=\box49
\@tempa=\box50
\@tempa=\box51
\c@columnbadness=\count110
\c@finalcolumnbadness=\count111
\last@try=\dimen113
\multicolovershoot=\dimen114
\multicolundershoot=\dimen115
\mult@nat@firstbox=\box52
\colbreak@box=\box53
\multicol@sort@counter=\count112
)
(/usr/share/texlive/texmf-dist/tex/latex/listings/lstlang1.sty
File: lstlang1.sty 2013/08/26 1.5b listings language file
)
(/usr/share/texlive/texmf-dist/tex/latex/listings/lstmisc.sty
File: lstmisc.sty 2013/08/26 1.5b (Carsten Heinz)
)
(/usr/share/texlive/texmf-dist/tex/latex/hyperref/hyperref.sty
Package: hyperref 2012/11/06 v6.83m Hypertext links for LaTeX

(/usr/share/texlive/texmf-dist/tex/generic/oberdiek/hobsub-hyperref.sty
Package: hobsub-hyperref 2012/05/28 v1.13 Bundle oberdiek, subset hyperref (HO)


(/usr/share/texlive/texmf-dist/tex/generic/oberdiek/hobsub-generic.sty
Package: hobsub-generic 2012/05/28 v1.13 Bundle oberdiek, subset generic (HO)
Package: hobsub 2012/05/28 v1.13 Construct package bundles (HO)
Package: infwarerr 2010/04/08 v1.3 Providing info/warning/error messages (HO)
Package: ltxcmds 2011/11/09 v1.22 LaTeX kernel commands for general use (HO)
Package: ifluatex 2010/03/01 v1.3 Provides the ifluatex switch (HO)
Package ifluatex Info: LuaTeX not detected.
Package: ifvtex 2010/03/01 v1.5 Detect VTeX and its facilities (HO)
Package ifvtex Info: VTeX not detected.
Package: intcalc 2007/09/27 v1.1 Expandable calculations with integers (HO)
Package: ifpdf 2011/01/30 v2.3 Provides the ifpdf switch (HO)
Package ifpdf Info: pdfTeX in PDF mode is detected.
Package: etexcmds 2011/02/16 v1.5 Avoid name clashes with e-TeX commands (HO)
Package etexcmds Info: Could not find \expanded.
(etexcmds)             That can mean that you are not using pdfTeX 1.50 or
(etexcmds)             that some package has redefined \expanded.
(etexcmds)             In the latter case, load this package earlier.
Package: kvsetkeys 2012/04/25 v1.16 Key value parser (HO)
Package: kvdefinekeys 2011/04/07 v1.3 Define keys (HO)
Package: pdftexcmds 2011/11/29 v0.20 Utility functions of pdfTeX for LuaTeX (HO
)
Package pdftexcmds Info: LuaTeX not detected.
Package pdftexcmds Info: \pdf@primitive is available.
Package pdftexcmds Info: \pdf@ifprimitive is available.
Package pdftexcmds Info: \pdfdraftmode found.
Package: pdfescape 2011/11/25 v1.13 Implements pdfTeX's escape features (HO)
Package: bigintcalc 2012/04/08 v1.3 Expandable calculations on big integers (HO
)
Package: bitset 2011/01/30 v1.1 Handle bit-vector datatype (HO)
Package: uniquecounter 2011/01/30 v1.2 Provide unlimited unique counter (HO)
)
Package hobsub Info: Skipping package `hobsub' (already loaded).
Package: letltxmacro 2010/09/02 v1.4 Let assignment for LaTeX macros (HO)
Package: hopatch 2012/05/28 v1.2 Wrapper for package hooks (HO)
Package: xcolor-patch 2011/01/30 xcolor patch
Package: atveryend 2011/06/30 v1.8 Hooks at the very end of document (HO)
Package: atbegshi 2011/10/05 v1.16 At begin shipout hook (HO)
Package: refcount 2011/10/16 v3.4 Data extraction from label references (HO)
Package: hycolor 2011/01/30 v1.7 Color options for hyperref/bookmark (HO)
)
(/usr/share/texlive/texmf-dist/tex/generic/ifxetex/ifxetex.sty
Package: ifxetex 2010/09/12 v0.6 Provides ifxetex conditional
)
(/usr/share/texlive/texmf-dist/tex/latex/oberdiek/auxhook.sty
Package: auxhook 2011/03/04 v1.3 Hooks for auxiliary files (HO)
)
(/usr/share/texlive/texmf-dist/tex/latex/oberdiek/kvoptions.sty
Package: kvoptions 2011/06/30 v3.11 Key value format for package options (HO)
)
\@linkdim=\dimen116
\Hy@linkcounter=\count113
\Hy@pagecounter=\count114

(/usr/share/texlive/texmf-dist/tex/latex/hyperref/pd1enc.def
File: pd1enc.def 2012/11/06 v6.83m Hyperref: PDFDocEncoding definition (HO)
Now handling font encoding PD1 ...
... no UTF-8 mapping file for font encoding PD1
)
\Hy@SavedSpaceFactor=\count115

(/usr/share/texlive/texmf-dist/tex/latex/latexconfig/hyperref.cfg
File: hyperref.cfg 2002/06/06 v1.2 hyperref configuration of TeXLive
)
Package hyperref Info: Hyper figures OFF on input line 4443.
Package hyperref Info: Link nesting OFF on input line 4448.
Package hyperref Info: Hyper index ON on input line 4451.
Package hyperref Info: Plain pages OFF on input line 4458.
Package hyperref Info: Backreferencing OFF on input line 4463.
Package hyperref Info: Implicit mode ON; LaTeX internals redefined.
Package hyperref Info: Bookmarks ON on input line 4688.
\c@Hy@tempcnt=\count116

(/usr/share/texlive/texmf-dist/tex/latex/url/url.sty
\Urlmuskip=\muskip10
Package: url 2013/09/16  ver 3.4  Verb mode for urls, etc.
)
LaTeX Info: Redefining \url on input line 5041.
\XeTeXLinkMargin=\dimen117
\Fld@menulength=\count117
\Field@Width=\dimen118
\Fld@charsize=\dimen119
Package hyperref Info: Hyper figures OFF on input line 6295.
Package hyperref Info: Link nesting OFF on input line 6300.
Package hyperref Info: Hyper index ON on input line 6303.
Package hyperref Info: backreferencing OFF on input line 6310.
Package hyperref Info: Link coloring OFF on input line 6315.
Package hyperref Info: Link coloring with OCG OFF on input line 6320.
Package hyperref Info: PDF/A mode OFF on input line 6325.
LaTeX Info: Redefining \ref on input line 6365.
LaTeX Info: Redefining \pageref on input line 6369.
\Hy@abspage=\count118
\c@Item=\count119
\c@Hfootnote=\count120
)

Package hyperref Message: Driver (autodetected): hpdftex.

(/usr/share/texlive/texmf-dist/tex/latex/hyperref/hpdftex.def
File: hpdftex.def 2012/11/06 v6.83m Hyperref driver for pdfTeX
\Fld@listcount=\count121
\c@bookmark@seq@number=\count122

(/usr/share/texlive/texmf-dist/tex/latex/oberdiek/rerunfilecheck.sty
Package: rerunfilecheck 2011/04/15 v1.7 Rerun checks for auxiliary files (HO)
Package uniquecounter Info: New unique counter `rerunfilecheck' on input line 2
82.
)
\Hy@SectionHShift=\skip45
)
(/usr/share/texlive/texmf-dist/tex/latex/amsmath/amsmath.sty
Package: amsmath 2013/01/14 v2.14 AMS math features
\@mathmargin=\skip46

For additional information on amsmath, use the `?' option.
(/usr/share/texlive/texmf-dist/tex/latex/amsmath/amstext.sty
Package: amstext 2000/06/29 v2.01

(/usr/share/texlive/texmf-dist/tex/latex/amsmath/amsgen.sty
File: amsgen.sty 1999/11/30 v2.0
\@emptytoks=\toks19
\ex@=\dimen120
))
(/usr/share/texlive/texmf-dist/tex/latex/amsmath/amsbsy.sty
Package: amsbsy 1999/11/29 v1.2d
\pmbraise@=\dimen121
)
(/usr/share/texlive/texmf-dist/tex/latex/amsmath/amsopn.sty
Package: amsopn 1999/12/14 v2.01 operator names
)
\inf@bad=\count123
LaTeX Info: Redefining \frac on input line 210.
\uproot@=\count124
\leftroot@=\count125
LaTeX Info: Redefining \overline on input line 306.
\classnum@=\count126
\DOTSCASE@=\count127
LaTeX Info: Redefining \ldots on input line 378.
LaTeX Info: Redefining \dots on input line 381.
LaTeX Info: Redefining \cdots on input line 466.
\Mathstrutbox@=\box54
\strutbox@=\box55
\big@size=\dimen122
LaTeX Font Info:    Redeclaring font encoding OML on input line 566.
LaTeX Font Info:    Redeclaring font encoding OMS on input line 567.
\macc@depth=\count128
\c@MaxMatrixCols=\count129
\dotsspace@=\muskip11
\c@parentequation=\count130
\dspbrk@lvl=\count131
\tag@help=\toks20
\row@=\count132
\column@=\count133
\maxfields@=\count134
\andhelp@=\toks21
\eqnshift@=\dimen123
\alignsep@=\dimen124
\tagshift@=\dimen125
\tagwidth@=\dimen126
\totwidth@=\dimen127
\lineht@=\dimen128
\@envbody=\toks22
\multlinegap=\skip47
\multlinetaggap=\skip48
\mathdisplay@stack=\toks23
LaTeX Info: Redefining \[ on input line 2665.
LaTeX Info: Redefining \] on input line 2666.
)
(/usr/share/texlive/texmf-dist/tex/latex/biblatex/biblatex.sty
Package: biblatex 2013/11/25 v2.8a programmable bibliographies (PK/JW/AB)

(/usr/share/texlive/texmf-dist/tex/latex/biblatex/biblatex2.sty
Package: biblatex2 2013/11/25 v2.8a programmable bibliographies (biber) (PK/JW/
AB)

(/usr/share/texlive/texmf-dist/tex/latex/logreq/logreq.sty
Package: logreq 2010/08/04 v1.0 xml request logger
\lrq@indent=\count135

(/usr/share/texlive/texmf-dist/tex/latex/logreq/logreq.def
File: logreq.def 2010/08/04 v1.0 logreq spec v1.0
))
(/usr/share/texlive/texmf-dist/tex/latex/base/ifthen.sty
Package: ifthen 2001/05/26 v1.1c Standard LaTeX ifthen package (DPC)
)
\c@tabx@nest=\count136
\c@listtotal=\count137
\c@listcount=\count138
\c@liststart=\count139
\c@liststop=\count140
\c@citecount=\count141
\c@citetotal=\count142
\c@multicitecount=\count143
\c@multicitetotal=\count144
\c@instcount=\count145
\c@maxnames=\count146
\c@minnames=\count147
\c@maxitems=\count148
\c@minitems=\count149
\c@citecounter=\count150
\c@savedcitecounter=\count151
\c@uniquelist=\count152
\c@uniquename=\count153
\c@refsection=\count154
\c@refsegment=\count155
\c@maxextratitle=\count156
\c@maxextratitleyear=\count157
\c@maxextrayear=\count158
\c@maxextraalpha=\count159
\c@abbrvpenalty=\count160
\c@highnamepenalty=\count161
\c@lownamepenalty=\count162
\c@maxparens=\count163
\c@parenlevel=\count164
\blx@tempcnta=\count165
\blx@tempcntb=\count166
\blx@tempcntc=\count167
\blx@maxsection=\count168
\blx@maxsegment@0=\count169
\blx@notetype=\count170
\blx@parenlevel@text=\count171
\blx@parenlevel@foot=\count172
\blx@sectionciteorder@0=\count173
\labelnumberwidth=\skip49
\labelalphawidth=\skip50
\shorthandwidth=\skip51
\biblabelsep=\skip52
\bibitemsep=\skip53
\bibnamesep=\skip54
\bibinitsep=\skip55
\bibparsep=\skip56
\bibhang=\skip57
\blx@bcfin=\read1
\blx@bcfout=\write3
\c@mincomprange=\count174
\c@maxcomprange=\count175
\c@mincompwidth=\count176
Package biblatex Info: Trying to load biblatex default data model...
Package biblatex Info: ... file 'blx-dm.def' found.

(/usr/share/texlive/texmf-dist/tex/latex/biblatex/blx-dm.def)
Package biblatex Info: Trying to load biblatex custom data model...
Package biblatex Info: ... file 'biblatex-dm.cfg' not found.
\c@afterword=\count177
\c@savedafterword=\count178
\c@annotator=\count179
\c@savedannotator=\count180
\c@author=\count181
\c@savedauthor=\count182
\c@bookauthor=\count183
\c@savedbookauthor=\count184
\c@commentator=\count185
\c@savedcommentator=\count186
\c@editor=\count187
\c@savededitor=\count188
\c@editora=\count189
\c@savededitora=\count190
\c@editorb=\count191
\c@savededitorb=\count192
\c@editorc=\count193
\c@savededitorc=\count194
\c@foreword=\count195
\c@savedforeword=\count196
\c@holder=\count197
\c@savedholder=\count198
\c@introduction=\count199
\c@savedintroduction=\count200
\c@namea=\count201
\c@savednamea=\count202
\c@nameb=\count203
\c@savednameb=\count204
\c@namec=\count205
\c@savednamec=\count206
\c@shortauthor=\count207
\c@savedshortauthor=\count208
\c@shorteditor=\count209
\c@savedshorteditor=\count210
\c@translator=\count211
\c@savedtranslator=\count212
\c@labelname=\count213
\c@savedlabelname=\count214
\c@institution=\count215
\c@savedinstitution=\count216
\c@lista=\count217
\c@savedlista=\count218
\c@listb=\count219
\c@savedlistb=\count220
\c@listc=\count221
\c@savedlistc=\count222
\c@listd=\count223
\c@savedlistd=\count224
\c@liste=\count225
\c@savedliste=\count226
\c@listf=\count227
\c@savedlistf=\count228
\c@location=\count229
\c@savedlocation=\count230
\c@organization=\count231
\c@savedorganization=\count232
\c@origlocation=\count233
Normal \count register pool exhausted, switching to extended pool.
\c@savedoriglocation=\count277
\c@origpublisher=\count278
\c@savedorigpublisher=\count279
\c@publisher=\count280
\c@savedpublisher=\count281
\c@language=\count282
\c@savedlanguage=\count283
\c@pageref=\count284
\c@savedpageref=\count285
Package biblatex Info: Trying to load compatibility code...
Package biblatex Info: ... file 'blx-compat.def' found.

(/usr/share/texlive/texmf-dist/tex/latex/biblatex/blx-compat.def
File: blx-compat.def 2013/11/25 v2.8a biblatex compatibility (PK/JW/AB)
)
Package biblatex Info: Trying to load generic definitions...
Package biblatex Info: ... file 'biblatex.def' found.

(/usr/share/texlive/texmf-dist/tex/latex/biblatex/biblatex.def
File: biblatex.def 
\c@textcitecount=\count286
\c@textcitetotal=\count287
\c@textcitemaxnames=\count288
\c@biburlnumpenalty=\count289
\c@biburlucpenalty=\count290
\c@biburllcpenalty=\count291
\c@smartand=\count292
)
Package biblatex Info: Trying to load bibliography style 'numeric'...
Package biblatex Info: ... file 'numeric.bbx' found.

(/usr/share/texlive/texmf-dist/tex/latex/biblatex/bbx/numeric.bbx
File: numeric.bbx 2013/11/25 v2.8a biblatex bibliography style (PK/JW/AB)
Package biblatex Info: Trying to load bibliography style 'standard'...
Package biblatex Info: ... file 'standard.bbx' found.

(/usr/share/texlive/texmf-dist/tex/latex/biblatex/bbx/standard.bbx
File: standard.bbx 2013/11/25 v2.8a biblatex bibliography style (PK/JW/AB)
\c@bbx:relatedcount=\count293
\c@bbx:relatedtotal=\count294
))
Package biblatex Info: Trying to load citation style 'numeric'...
Package biblatex Info: ... file 'numeric.cbx' found.

(/usr/share/texlive/texmf-dist/tex/latex/biblatex/cbx/numeric.cbx
File: numeric.cbx 2013/11/25 v2.8a biblatex citation style (PK/JW/AB)
Package biblatex Info: Redefining '\cite'.
Package biblatex Info: Redefining '\parencite'.
Package biblatex Info: Redefining '\footcite'.
Package biblatex Info: Redefining '\footcitetext'.
Package biblatex Info: Redefining '\smartcite'.
Package biblatex Info: Redefining '\supercite'.
Package biblatex Info: Redefining '\textcite'.
Package biblatex Info: Redefining '\textcites'.
Package biblatex Info: Redefining '\cites'.
Package biblatex Info: Redefining '\parencites'.
Package biblatex Info: Redefining '\smartcites'.
)
Package biblatex Info: Trying to load configuration file...
Package biblatex Info: ... file 'biblatex.cfg' found.

(/usr/share/texlive/texmf-dist/tex/latex/biblatex/biblatex.cfg
File: biblatex.cfg 
)))
(/usr/share/texlive/texmf-dist/tex/latex/graphics/graphicx.sty
Package: graphicx 1999/02/16 v1.0f Enhanced LaTeX Graphics (DPC,SPQR)

(/usr/share/texlive/texmf-dist/tex/latex/graphics/graphics.sty
Package: graphics 2009/02/05 v1.0o Standard LaTeX Graphics (DPC,SPQR)

(/usr/share/texlive/texmf-dist/tex/latex/graphics/trig.sty
Package: trig 1999/03/16 v1.09 sin cos tan (DPC)
)
(/usr/share/texlive/texmf-dist/tex/latex/latexconfig/graphics.cfg
File: graphics.cfg 2010/04/23 v1.9 graphics configuration of TeX Live
)
Package graphics Info: Driver file: pdftex.def on input line 91.

(/usr/share/texlive/texmf-dist/tex/latex/pdftex-def/pdftex.def
File: pdftex.def 2011/05/27 v0.06d Graphics/color for pdfTeX
\Gread@gobject=\count295
))
\Gin@req@height=\dimen129
\Gin@req@width=\dimen130
)
(/usr/share/texlive/texmf-dist/tex/latex/placeins/placeins.sty
Package: placeins 2005/04/18  v 2.2
)
(/usr/share/texlive/texmf-dist/tex/latex/geometry/geometry.sty
Package: geometry 2010/09/12 v5.6 Page Geometry
\Gm@cnth=\count296
\Gm@cntv=\count297
\c@Gm@tempcnt=\count298
\Gm@bindingoffset=\dimen131
\Gm@wd@mp=\dimen132
\Gm@odd@mp=\dimen133
\Gm@even@mp=\dimen134
\Gm@layoutwidth=\dimen135
\Gm@layoutheight=\dimen136
\Gm@layouthoffset=\dimen137
\Gm@layoutvoffset=\dimen138
\Gm@dimlist=\toks24
)
(/usr/share/texlive/texmf-dist/tex/latex/caption/subcaption.sty
Package: subcaption 2013/02/03 v1.1-62 Sub-captions (AR)

(/usr/share/texlive/texmf-dist/tex/latex/caption/caption.sty
Package: caption 2013/05/02 v3.3-89 Customizing captions (AR)

(/usr/share/texlive/texmf-dist/tex/latex/caption/caption3.sty
Package: caption3 2013/05/02 v1.6-88 caption3 kernel (AR)
Package caption3 Info: TeX engine: e-TeX on input line 57.
\captionmargin=\dimen139
\captionmargin@=\dimen140
\captionwidth=\dimen141
\caption@tempdima=\dimen142
\caption@indent=\dimen143
\caption@parindent=\dimen144
\caption@hangindent=\dimen145
)
\c@ContinuedFloat=\count299
Package caption Info: hyperref package is loaded.
Package caption Info: listings package is loaded.
)
\c@subfigure=\count300
\c@subtable=\count301
)
(/usr/share/texlive/texmf-dist/tex/latex/preprint/authblk.sty
Package: authblk 2001/02/27 1.3 (PWD)
\affilsep=\skip58
\@affilsep=\skip59
\c@Maxaffil=\count302
\c@authors=\count303
\c@affil=\count304
)
(/usr/share/texlive/texmf-dist/tex/latex/graphics/color.sty
Package: color 2005/11/14 v1.0j Standard LaTeX Color (DPC)

(/usr/share/texlive/texmf-dist/tex/latex/latexconfig/color.cfg
File: color.cfg 2007/01/18 v1.5 color configuration of teTeX/TeXLive
)
Package color Info: Driver file: pdftex.def on input line 130.
)
(/usr/share/texlive/texmf-dist/tex/latex/amsfonts/amssymb.sty
Package: amssymb 2013/01/14 v3.01 AMS font symbols

(/usr/share/texlive/texmf-dist/tex/latex/amsfonts/amsfonts.sty
Package: amsfonts 2013/01/14 v3.01 Basic AMSFonts support
\symAMSa=\mathgroup4
\symAMSb=\mathgroup5
LaTeX Font Info:    Overwriting math alphabet `\mathfrak' in version `bold'
(Font)                  U/euf/m/n --> U/euf/b/n on input line 106.
))
(/usr/share/texlive/texmf-dist/tex/latex/subfloat/subfloat.sty
Package: subfloat 2003/08/21 version 2.14

Package `subfloat', Version 2.14 of 2003/08/21.

Package subfloat Warning: Numbers of floats not counted:
(subfloat)                If you use one of the counters subfloatfiguremax or
(subfloat)                subfloattablemax you will get strange error messages
(subfloat)                containing \c@subfloatfiguremax or
(subfloat)                \c@subfloattablemax:
(subfloat)                Please switch on countmax or remove the code using
(subfloat)                the counter then..

) (/usr/share/texlive/texmf-dist/tex/latex/float/float.sty
Package: float 2001/11/08 v1.3d Float enhancements (AL)
\c@float@type=\count305
\float@exts=\toks25
\float@box=\box56
\@float@everytoks=\toks26
\@floatcapt=\box57
)
Package csquotes Info: Checking for multilingual support...
Package csquotes Info: ... found 'babel' package.
Package csquotes Info: Adjusting default style.
Package csquotes Info: Redefining alias 'default' -> 'english'.
Package biblatex Info: Trying to load language 'english'...
Package biblatex Info: ... file 'english.lbx' found.

(/usr/share/texlive/texmf-dist/tex/latex/biblatex/lbx/english.lbx
File: english.lbx 2013/11/25 v2.8a biblatex localization (PK/JW/AB)
)
No file Nbody.aux.
\openout1 = `Nbody.aux'.

LaTeX Font Info:    Checking defaults for OML/cmm/m/it on input line 25.
LaTeX Font Info:    ... okay on input line 25.
LaTeX Font Info:    Checking defaults for T1/cmr/m/n on input line 25.
LaTeX Font Info:    ... okay on input line 25.
LaTeX Font Info:    Checking defaults for OT1/cmr/m/n on input line 25.
LaTeX Font Info:    ... okay on input line 25.
LaTeX Font Info:    Checking defaults for OMS/cmsy/m/n on input line 25.
LaTeX Font Info:    ... okay on input line 25.
LaTeX Font Info:    Checking defaults for OMX/cmex/m/n on input line 25.
LaTeX Font Info:    ... okay on input line 25.
LaTeX Font Info:    Checking defaults for U/cmr/m/n on input line 25.
LaTeX Font Info:    ... okay on input line 25.
LaTeX Font Info:    Checking defaults for PD1/pdf/m/n on input line 25.
LaTeX Font Info:    ... okay on input line 25.
\c@lstlisting=\count306
\AtBeginShipoutBox=\box58
Package hyperref Info: Link coloring OFF on input line 25.
(/usr/share/texlive/texmf-dist/tex/latex/hyperref/nameref.sty
Package: nameref 2012/10/27 v2.43 Cross-referencing by name of section

(/usr/share/texlive/texmf-dist/tex/generic/oberdiek/gettitlestring.sty
Package: gettitlestring 2010/12/03 v1.4 Cleanup title references (HO)
)
\c@section@level=\count307
)
LaTeX Info: Redefining \ref on input line 25.
LaTeX Info: Redefining \pageref on input line 25.
LaTeX Info: Redefining \nameref on input line 25.
\@outlinefile=\write4
\openout4 = `Nbody.out'.

Package biblatex Info: Input encoding 'utf8' detected.
Package biblatex Info: Automatic encoding selection.
(biblatex)             Assuming data encoding 'utf8'.
\openout3 = `Nbody.bcf'.

Package biblatex Info: Trying to load bibliographic data...
Package biblatex Info: ... file 'Nbody.bbl' not found.

No file Nbody.bbl.
Package biblatex Info: Reference section=0 on input line 25.
Package biblatex Info: Reference segment=0 on input line 25.
(/usr/share/texlive/texmf-dist/tex/context/base/supp-pdf.mkii
[Loading MPS to PDF converter (version 2006.09.02).]
\scratchcounter=\count308
\scratchdimen=\dimen146
\scratchbox=\box59
\nofMPsegments=\count309
\nofMParguments=\count310
\everyMPshowfont=\toks27
\MPscratchCnt=\count311
\MPscratchDim=\dimen147
\MPnumerator=\count312
\makeMPintoPDFobject=\count313
\everyMPtoPDFconversion=\toks28
) (/usr/share/texlive/texmf-dist/tex/latex/oberdiek/epstopdf-base.sty
Package: epstopdf-base 2010/02/09 v2.5 Base part for package epstopdf

(/usr/share/texlive/texmf-dist/tex/latex/oberdiek/grfext.sty
Package: grfext 2010/08/19 v1.1 Manage graphics extensions (HO)
)
Package grfext Info: Graphics extension search list:
(grfext)             [.png,.pdf,.jpg,.mps,.jpeg,.jbig2,.jb2,.PNG,.PDF,.JPG,.JPE
G,.JBIG2,.JB2,.eps]
(grfext)             \AppendGraphicsExtensions on input line 452.

(/usr/share/texlive/texmf-dist/tex/latex/latexconfig/epstopdf-sys.cfg
File: epstopdf-sys.cfg 2010/07/13 v1.3 Configuration of (r)epstopdf for TeX Liv
e
))
*geometry* driver: auto-detecting
*geometry* detected driver: pdftex
*geometry* verbose mode - [ preamble ] result:
* driver: pdftex
* paper: a4paper
* layout: <same size as paper>
* layoutoffset:(h,v)=(0.0pt,0.0pt)
* modes: 
* h-part:(L,W,R)=(71.13188pt, 455.24411pt, 71.13188pt)
* v-part:(T,H,B)=(71.13188pt, 702.78308pt, 71.13188pt)
* \paperwidth=597.50787pt
* \paperheight=845.04684pt
* \textwidth=455.24411pt
* \textheight=702.78308pt
* \oddsidemargin=-1.1381pt
* \evensidemargin=-1.1381pt
* \topmargin=-38.1381pt
* \headheight=12.0pt
* \headsep=25.0pt
* \topskip=10.0pt
* \footskip=30.0pt
* \marginparwidth=57.0pt
* \marginparsep=11.0pt
* \columnsep=10.0pt
* \skip\footins=9.0pt plus 4.0pt minus 2.0pt
* \hoffset=0.0pt
* \voffset=0.0pt
* \mag=1000
* \@twocolumnfalse
* \@twosidefalse
* \@mparswitchfalse
* \@reversemarginfalse
* (1in=72.27pt=25.4mm, 1cm=28.453pt)

Package caption Info: Begin \AtBeginDocument code.
Package caption Info: float package is loaded.
Package caption Info: End \AtBeginDocument code.
LaTeX Font Info:    Try loading font information for U+msa on input line 57.
(/usr/share/texlive/texmf-dist/tex/latex/amsfonts/umsa.fd
File: umsa.fd 2013/01/14 v3.01 AMS symbols A
)
LaTeX Font Info:    Try loading font information for U+msb on input line 57.

(/usr/share/texlive/texmf-dist/tex/latex/amsfonts/umsb.fd
File: umsb.fd 2013/01/14 v3.01 AMS symbols B
)

LaTeX Warning: Reference `fig:repa' on page 1 undefined on input line 65.

[1

{/var/lib/texmf/fonts/map/pdftex/updmap/pdftex.map}]
<array_procs_3.png, id=31, 583.17876pt x 98.3675pt>
File: array_procs_3.png Graphic file (type png)
 <use array_procs_3.png>
Package pdftex.def Info: array_procs_3.png used on input line 86.
(pdftex.def)             Requested size: 227.62206pt x 38.39317pt.

<array_procs_5.png, id=33, 593.21625pt x 96.36pt>
File: array_procs_5.png Graphic file (type png)
 <use array_procs_5.png>
Package pdftex.def Info: array_procs_5.png used on input line 93.
(pdftex.def)             Requested size: 227.62206pt x 36.97446pt.

Overfull \hbox (4.44336pt too wide) in paragraph at lines 84--97
 [][]  [] 
 []


LaTeX Warning: Reference `fig:repa1' on page 2 undefined on input line 112.


LaTeX Warning: Reference `table:t1' on page 2 undefined on input line 112.


LaTeX Warning: Reference `table:t2' on page 2 undefined on input line 112.


Underfull \hbox (badness 10000) in paragraph at lines 112--113

 []


LaTeX Warning: No positions in optional float specifier.
               Default added (so using `tbp') on input line 114.


LaTeX Warning: No positions in optional float specifier.
               Default added (so using `tbp') on input line 126.


LaTeX Warning: Reference `eq:eq1' on page 2 undefined on input line 139.


Underfull \hbox (badness 10000) in paragraph at lines 139--140

 []


LaTeX Warning: Reference `fig:pr1' on page 2 undefined on input line 152.


LaTeX Warning: Reference `fig:pr2' on page 2 undefined on input line 152.


LaTeX Warning: Reference `fig:pr3' on page 2 undefined on input line 152.

[2 <./array_procs_3.png> <./array_procs_5.png>]
<array_proc_0_b_0.png, id=66, 583.17876pt x 269.005pt>
File: array_proc_0_b_0.png Graphic file (type png)

<use array_proc_0_b_0.png>
Package pdftex.def Info: array_proc_0_b_0.png used on input line 159.
(pdftex.def)             Requested size: 159.33821pt x 73.4984pt.
 <array_proc_0_b_1.png, id=67, 642.4pt x 459.7175pt>
File: array_proc_0_b_1.png Graphic file (type png)

<use array_proc_0_b_1.png>
Package pdftex.def Info: array_proc_0_b_1.png used on input line 163.
(pdftex.def)             Requested size: 159.33821pt x 114.02419pt.

<array_proc_0_b_2.png, id=68, 583.17876pt x 269.005pt>
File: array_proc_0_b_2.png Graphic file (type png)

<use array_proc_0_b_2.png>
Package pdftex.def Info: array_proc_0_b_2.png used on input line 167.
(pdftex.def)             Requested size: 159.33821pt x 73.4984pt.

<array_proc_1_b_0.png, id=69, 583.17876pt x 269.005pt>
File: array_proc_1_b_0.png Graphic file (type png)

<use array_proc_1_b_0.png>
Package pdftex.def Info: array_proc_1_b_0.png used on input line 179.
(pdftex.def)             Requested size: 159.33821pt x 73.4984pt.

<array_proc_1_b_1.png, id=70, 583.17876pt x 269.005pt>
File: array_proc_1_b_1.png Graphic file (type png)

<use array_proc_1_b_1.png>
Package pdftex.def Info: array_proc_1_b_1.png used on input line 183.
(pdftex.def)             Requested size: 159.33821pt x 73.4984pt.
 <array_proc_1_b_2.png, id=71, 642.4pt x 459.7175pt>
File: array_proc_1_b_2.png Graphic file (type png)

<use array_proc_1_b_2.png>
Package pdftex.def Info: array_proc_1_b_2.png used on input line 187.
(pdftex.def)             Requested size: 159.33821pt x 114.02419pt.

<array_proc_2_b_0.png, id=72, 583.17876pt x 269.005pt>
File: array_proc_2_b_0.png Graphic file (type png)

<use array_proc_2_b_0.png>
Package pdftex.def Info: array_proc_2_b_0.png used on input line 199.
(pdftex.def)             Requested size: 159.33821pt x 73.4984pt.

<array_proc_2_b_1.png, id=73, 583.17876pt x 269.005pt>
File: array_proc_2_b_1.png Graphic file (type png)

<use array_proc_2_b_1.png>
Package pdftex.def Info: array_proc_2_b_1.png used on input line 203.
(pdftex.def)             Requested size: 159.33821pt x 73.4984pt.

<array_proc_2_b_2.png, id=74, 583.17876pt x 269.005pt>
File: array_proc_2_b_2.png Graphic file (type png)

<use array_proc_2_b_2.png>
Package pdftex.def Info: array_proc_2_b_2.png used on input line 207.
(pdftex.def)             Requested size: 159.33821pt x 73.4984pt.
 [3 <./array_proc_0_b_0.png> <./array_proc_0_b_1.png> <./array_proc_0_b_2.png> 
<./array_proc_1_b_0.png> <./array_proc_1_b_1.png> <./array_proc_1_b_2.png>]

LaTeX Warning: Reference `eq:eq2' on page 4 undefined on input line 214.


LaTeX Warning: Reference `fig:A2' on page 4 undefined on input line 232.


LaTeX Warning: Reference `fig:B2' on page 4 undefined on input line 232.


LaTeX Warning: Reference `fig:C2' on page 4 undefined on input line 232.


LaTeX Warning: Reference `fig:D2' on page 4 undefined on input line 232.


LaTeX Warning: Reference `eq:comp_app1' on page 4 undefined on input line 232.


LaTeX Warning: Reference `eq:com_app1' on page 4 undefined on input line 232.


Underfull \hbox (badness 10000) in paragraph at lines 232--233

 []

<broadcast.png, id=89, 2039.62pt x 1051.93pt>
File: broadcast.png Graphic file (type png)
 <use broadcast.png>
Package pdftex.def Info: broadcast.png used on input line 236.
(pdftex.def)             Requested size: 227.62206pt x 117.38197pt.
 [4 <./array_proc_2_b_0.png> <./array_proc_2_b_1.png> <./array_proc_2_b_2.png>]

<force_calculation_0.png, id=102, 1702.36pt x 1003.75pt>
File: force_calculation_0.png Graphic file (type png)

<use force_calculation_0.png>
Package pdftex.def Info: force_calculation_0.png used on input line 245.
(pdftex.def)             Requested size: 227.62206pt x 134.19855pt.

<force_calculation_1.png, id=103, 1565.85pt x 1051.93pt>
File: force_calculation_1.png Graphic file (type png)

<use force_calculation_1.png>
Package pdftex.def Info: force_calculation_1.png used on input line 249.
(pdftex.def)             Requested size: 227.62206pt x 152.90314pt.

<force_calculation_2.png, id=104, 1614.03pt x 923.45pt>
File: force_calculation_2.png Graphic file (type png)

<use force_calculation_2.png>
Package pdftex.def Info: force_calculation_2.png used on input line 253.
(pdftex.def)             Requested size: 227.62206pt x 130.2262pt.

Overfull \hbox (2.22168pt too wide) in paragraph at lines 243--255
[]$[]$ $[]$ 
 []

<MPI_all_reduce.png, id=105, 2232.34pt x 1266.7325pt>
File: MPI_all_reduce.png Graphic file (type png)
 <use MPI_all_reduce.png>
Package pdftex.def Info: MPI_all_reduce.png used on input line 264.
(pdftex.def)             Requested size: 227.62206pt x 129.15474pt.

<compute_positions.png, id=106, 2633.84pt x 1477.52pt>
File: compute_positions.png Graphic file (type png)

<use compute_positions.png>
Package pdftex.def Info: compute_positions.png used on input line 270.
(pdftex.def)             Requested size: 227.62206pt x 127.67296pt.
 [5 <./broadcast.png> <./force_calculation_0.png> <./force_calculation_1.png> <
./force_calculation_2.png> <./MPI_all_reduce.png> <./compute_positions.png

pdfTeX warning: pdflatex (file ./compute_positions.png): large interlaced PNG m
ight cause out of memory (use non-interlaced PNG to fix this)
>]

LaTeX Warning: Reference `fig:A1' on page 6 undefined on input line 295.


LaTeX Warning: Reference `fig:B1' on page 6 undefined on input line 295.


LaTeX Warning: Reference `fig:C1' on page 6 undefined on input line 295.


LaTeX Warning: Reference `fig:D1' on page 6 undefined on input line 295.


LaTeX Warning: Reference `fig:E1' on page 6 undefined on input line 295.


LaTeX Warning: Reference `eq:comp_app2' on page 6 undefined on input line 296.


LaTeX Warning: Reference `eq:com_app2' on page 6 undefined on input line 296.

<scatter.png, id=120, 2039.62pt x 1051.93pt>
File: scatter.png Graphic file (type png)
 <use scatter.png>
Package pdftex.def Info: scatter.png used on input line 300.
(pdftex.def)             Requested size: 273.14923pt x 140.86479pt.

<MPI_all_gather.png, id=121, 2690.05pt x 1363.0925pt>
File: MPI_all_gather.png Graphic file (type png)
 <use MPI_all_gather.png>
Package pdftex.def Info: MPI_all_gather.png used on input line 308.
(pdftex.def)             Requested size: 273.14923pt x 138.39714pt.
File: force_calculation_0.png Graphic file (type png)

<use force_calculation_0.png>
Package pdftex.def Info: force_calculation_0.png used on input line 317.
(pdftex.def)             Requested size: 227.62206pt x 134.19855pt.
File: force_calculation_1.png Graphic file (type png)
 <use force_calculation_1.png>
Package pdftex.def Info: force_calculation_1.png used on input line 321.
(pdftex.def)             Requested size: 227.62206pt x 152.90314pt.
File: force_calculation_2.png Graphic file (type png)

<use force_calculation_2.png>
Package pdftex.def Info: force_calculation_2.png used on input line 325.
(pdftex.def)             Requested size: 227.62206pt x 130.2262pt.

Overfull \hbox (2.22168pt too wide) in paragraph at lines 315--327
[]$[]$ $[]$ 
 []

[6 <./scatter.png> <./MPI_all_gather.png

pdfTeX warning: pdflatex (file ./MPI_all_gather.png): large interlaced PNG migh
t cause out of memory (use non-interlaced PNG to fix this)
>]
File: MPI_all_reduce.png Graphic file (type png)
 <use MPI_all_reduce.png>
Package pdftex.def Info: MPI_all_reduce.png used on input line 338.
(pdftex.def)             Requested size: 250.38564pt x 142.06636pt.

<compute_positions_only.png, id=133, 2665.96pt x 1469.49pt>
File: compute_positions_only.png Graphic file (type png)

<use compute_positions_only.png>
Package pdftex.def Info: compute_positions_only.png used on input line 344.
(pdftex.def)             Requested size: 250.38564pt x 138.01099pt.

Overfull \hbox (45.52716pt too wide) in paragraph at lines 336--348
 []$[]$$[]$ 
 []

[7 <./compute_positions_only.png

pdfTeX warning: pdflatex (file ./compute_positions_only.png): large interlaced 
PNG might cause out of memory (use non-interlaced PNG to fix this)
>]

LaTeX Warning: Reference `tab:t_app1' on page 8 undefined on input line 368.


LaTeX Warning: Reference `tab:t_app2' on page 8 undefined on input line 368.


LaTeX Warning: Reference `fig:G1' on page 8 undefined on input line 368.


LaTeX Warning: Reference `tab:t_app3' on page 8 undefined on input line 368.


LaTeX Warning: Reference `tab:t_app4' on page 8 undefined on input line 368.


LaTeX Warning: Reference `fig:G2' on page 8 undefined on input line 368.


Underfull \hbox (badness 10000) in paragraph at lines 367--370

 []


Package caption Warning: The option `hypcap=true' will be ignored for this
(caption)                particular \caption on input line 385.
See the caption package documentation for explanation.


Package caption Warning: The option `hypcap=true' will be ignored for this
(caption)                particular \caption on input line 399.
See the caption package documentation for explanation.

<results/graph1.png, id=142, 627.34375pt x 364.36125pt>
File: results/graph1.png Graphic file (type png)

<use results/graph1.png>
Package pdftex.def Info: results/graph1.png used on input line 406.
(pdftex.def)             Requested size: 250.38564pt x 145.425pt.

<results/graph1_sp.png, id=143, 347.2975pt x 365.365pt>
File: results/graph1_sp.png Graphic file (type png)

<use results/graph1_sp.png>
Package pdftex.def Info: results/graph1_sp.png used on input line 410.
(pdftex.def)             Requested size: 159.33821pt x 167.6295pt.


Package caption Warning: The option `hypcap=true' will be ignored for this
(caption)                particular \caption on input line 433.
See the caption package documentation for explanation.


Package caption Warning: The option `hypcap=true' will be ignored for this
(caption)                particular \caption on input line 447.
See the caption package documentation for explanation.

<results/graph2.png, id=144, 632.3625pt x 367.3725pt>
File: results/graph2.png Graphic file (type png)
 <use results/graph2.png>
Package pdftex.def Info: results/graph2.png used on input line 455.
(pdftex.def)             Requested size: 250.38564pt x 145.46089pt.

<results/graph2_sp.png, id=145, 358.33875pt x 366.36874pt>
File: results/graph2_sp.png Graphic file (type png)

<use results/graph2_sp.png>
Package pdftex.def Info: results/graph2_sp.png used on input line 459.
(pdftex.def)             Requested size: 159.33821pt x 162.90779pt.
 [8

 <./results/graph1.png (PNG copy)> <./results/graph1_sp.png (PNG copy)>]

LaTeX Warning: Reference `fig:R1' on page 9 undefined on input line 469.


LaTeX Warning: Reference `tab:R1_t1' on page 9 undefined on input line 469.


LaTeX Warning: Reference `tab:R1_t2' on page 9 undefined on input line 469.


LaTeX Warning: Reference `fig:R2' on page 9 undefined on input line 469.


LaTeX Warning: Reference `tab:R2_t1' on page 9 undefined on input line 469.


LaTeX Warning: Reference `tab:R2_t2' on page 9 undefined on input line 469.


Underfull \hbox (badness 10000) in paragraph at lines 469--470

 []

<results/graph3.png, id=158, 629.35126pt x 375.4025pt>
File: results/graph3.png Graphic file (type png)

<use results/graph3.png>
Package pdftex.def Info: results/graph3.png used on input line 474.
(pdftex.def)             Requested size: 227.62206pt x 135.77489pt.
 <results/graph4.png, id=159, 632.3625pt x 379.4175pt>
File: results/graph4.png Graphic file (type png)

<use results/graph4.png>
Package pdftex.def Info: results/graph4.png used on input line 478.
(pdftex.def)             Requested size: 227.62206pt x 136.57281pt.

<results/graph5.png, id=160, 629.35126pt x 376.40625pt>
File: results/graph5.png Graphic file (type png)

<use results/graph5.png>
Package pdftex.def Info: results/graph5.png used on input line 482.
(pdftex.def)             Requested size: 227.62206pt x 136.13792pt.

<results/graph5_sp.png, id=161, 366.36874pt x 368.37625pt>
File: results/graph5_sp.png Graphic file (type png)

<use results/graph5_sp.png>
Package pdftex.def Info: results/graph5_sp.png used on input line 486.
(pdftex.def)             Requested size: 182.09486pt x 183.09157pt.

Overfull \hbox (2.22168pt too wide) in paragraph at lines 472--488
[]$[]$ $[]$ 
 []


Package caption Warning: The option `hypcap=true' will be ignored for this
(caption)                particular \caption on input line 508.
See the caption package documentation for explanation.


Overfull \hbox (16.81279pt too wide) in paragraph at lines 497--508
 [][] 
 []


Package caption Warning: The option `hypcap=true' will be ignored for this
(caption)                particular \caption on input line 522.
See the caption package documentation for explanation.

<results/graph11.png, id=162, 630.355pt x 364.36125pt>
File: results/graph11.png Graphic file (type png)

<use results/graph11.png>
Package pdftex.def Info: results/graph11.png used on input line 529.
(pdftex.def)             Requested size: 227.62206pt x 131.57024pt.

<results/graph14.png, id=163, 625.33624pt x 374.39874pt>
File: results/graph14.png Graphic file (type png)

<use results/graph14.png>
Package pdftex.def Info: results/graph14.png used on input line 533.
(pdftex.def)             Requested size: 227.62206pt x 136.28021pt.

<results/graph15.png, id=164, 629.35126pt x 373.395pt>
File: results/graph15.png Graphic file (type png)

<use results/graph15.png>
Package pdftex.def Info: results/graph15.png used on input line 537.
(pdftex.def)             Requested size: 227.62206pt x 135.04883pt.
 <results/graph16.png, id=165, 379.4175pt x 377.41pt>
File: results/graph16.png Graphic file (type png)

<use results/graph16.png>
Package pdftex.def Info: results/graph16.png used on input line 541.
(pdftex.def)             Requested size: 227.62206pt x 226.41895pt.

Overfull \hbox (2.22168pt too wide) in paragraph at lines 527--543
[]$[]$ $[]$ 
 []


Overfull \hbox (2.22168pt too wide) in paragraph at lines 527--543
[]$ $[]$ 
 []

[9 <./results/graph2.png (PNG copy)> <./results/graph2_sp.png (PNG copy)> <./re
sults/graph3.png (PNG copy)> <./results/graph4.png (PNG copy)> <./results/graph
5.png (PNG copy)> <./results/graph5_sp.png (PNG copy)>]

Package caption Warning: The option `hypcap=true' will be ignored for this
(caption)                particular \caption on input line 561.
See the caption package documentation for explanation.


Overfull \hbox (1.81645pt too wide) in paragraph at lines 550--561
 [][] 
 []


Package caption Warning: The option `hypcap=true' will be ignored for this
(caption)                particular \caption on input line 575.
See the caption package documentation for explanation.


LaTeX Warning: Reference `fig:R3' on page 10 undefined on input line 580.


LaTeX Warning: Reference `tab:R3_t1' on page 10 undefined on input line 580.


LaTeX Warning: Reference `tab:R3_t2' on page 10 undefined on input line 580.

<results/graph19.png, id=173, 628.3475pt x 373.395pt>
File: results/graph19.png Graphic file (type png)

<use results/graph19.png>
Package pdftex.def Info: results/graph19.png used on input line 585.
(pdftex.def)             Requested size: 227.62206pt x 135.25963pt.

<results/graph17.png, id=174, 633.36626pt x 369.38pt>
File: results/graph17.png Graphic file (type png)

<use results/graph17.png>
Package pdftex.def Info: results/graph17.png used on input line 589.
(pdftex.def)             Requested size: 227.62206pt x 132.7456pt.

<results/graph18.png, id=175, 351.3125pt x 376.40625pt>
File: results/graph18.png Graphic file (type png)

<use results/graph18.png>
Package pdftex.def Info: results/graph18.png used on input line 593.
(pdftex.def)             Requested size: 182.09486pt x 195.10632pt.

Overfull \hbox (2.22168pt too wide) in paragraph at lines 583--595
[]$[]$ $[]$ 
 []

[10 <./results/graph11.png (PNG copy)> <./results/graph14.png (PNG copy)> <./re
sults/graph15.png (PNG copy)> <./results/graph16.png (PNG copy)>]

Package caption Warning: The option `hypcap=true' will be ignored for this
(caption)                particular \caption on input line 614.
See the caption package documentation for explanation.


Package caption Warning: The option `hypcap=true' will be ignored for this
(caption)                particular \caption on input line 628.
See the caption package documentation for explanation.


LaTeX Warning: Empty bibliography on input line 639.

Package atveryend Info: Empty hook `BeforeClearDocument' on input line 641.
[11 <./results/graph19.png (PNG copy)> <./results/graph17.png (PNG copy)> <./re
sults/graph18.png (PNG copy)>]
Package atveryend Info: Empty hook `AfterLastShipout' on input line 641.
 (./Nbody.aux)
Package atveryend Info: Executing hook `AtVeryEndDocument' on input line 641.
Package atveryend Info: Executing hook `AtEndAfterFileList' on input line 641.


Package rerunfilecheck Warning: File `Nbody.out' has changed.
(rerunfilecheck)                Rerun to get outlines right
(rerunfilecheck)                or use package `bookmark'.

Package rerunfilecheck Info: Checksums for `Nbody.out':
(rerunfilecheck)             Before: <no file>
(rerunfilecheck)             After:  1167E46A90B6BE9A75B06CFA188436A8;1052.

LaTeX Warning: There were undefined references.


LaTeX Warning: Label(s) may have changed. Rerun to get cross-references right.


Package biblatex Warning: Please (re)run Biber on the file:
(biblatex)                Nbody
(biblatex)                and rerun LaTeX afterwards.

Package logreq Info: Writing requests to 'Nbody.run.xml'.
\openout1 = `Nbody.run.xml'.

 ) 
Here is how much of TeX's memory you used:
 16076 strings out of 493304
 247944 string characters out of 6139872
 687982 words of memory out of 5000000
 19230 multiletter control sequences out of 15000+600000
 13632 words of font info for 33 fonts, out of 8000000 for 9000
 957 hyphenation exceptions out of 8191
 42i,16n,49p,1082b,1844s stack positions out of 5000i,500n,10000p,200000b,80000s
{/usr/share/texmf/fonts/enc/dvips/cm-super/cm-super-t1.enc}</usr/share/texliv
e/texmf-dist/fonts/type1/public/amsfonts/cm/cmex10.pfb></usr/share/texlive/texm
f-dist/fonts/type1/public/amsfonts/cm/cmmi10.pfb></usr/share/texlive/texmf-dist
/fonts/type1/public/amsfonts/cm/cmmi5.pfb></usr/share/texlive/texmf-dist/fonts/
type1/public/amsfonts/cm/cmmi7.pfb></usr/share/texlive/texmf-dist/fonts/type1/p
ublic/amsfonts/cm/cmr10.pfb></usr/share/texlive/texmf-dist/fonts/type1/public/a
msfonts/cm/cmr7.pfb></usr/share/texlive/texmf-dist/fonts/type1/public/amsfonts/
cm/cmsy10.pfb></usr/share/texlive/texmf-dist/fonts/type1/public/amsfonts/cm/cms
y7.pfb></usr/share/texmf/fonts/type1/public/cm-super/sfbx1000.pfb></usr/share/t
exmf/fonts/type1/public/cm-super/sfbx1200.pfb></usr/share/texmf/fonts/type1/pub
lic/cm-super/sfbx1440.pfb></usr/share/texmf/fonts/type1/public/cm-super/sfrm070
0.pfb></usr/share/texmf/fonts/type1/public/cm-super/sfrm0900.pfb></usr/share/te
xmf/fonts/type1/public/cm-super/sfrm1000.pfb></usr/share/texmf/fonts/type1/publ
ic/cm-super/sfrm1200.pfb></usr/share/texmf/fonts/type1/public/cm-super/sfrm1728
.pfb></usr/share/texmf/fonts/type1/public/cm-super/sfti1000.pfb></usr/share/tex
mf/fonts/type1/public/cm-super/sfti1200.pfb>
Output written on Nbody.pdf (11 pages, 1579605 bytes).
PDF statistics:
 271 PDF objects out of 1000 (max. 8388607)
 183 compressed objects within 2 object streams
 81 named destinations out of 1000 (max. 500000)
 176 words of extra memory for PDF output out of 10000 (max. 10000000)

